<?xml version="1.0" encoding="UTF-8"?>
<!-- Generated by org.testng.reporters.JUnitReportReporter -->
<testsuite hostname="LAPTOP-0OQSTN0H" name="com.articles.Articles_TC" tests="35" failures="0" timestamp="24 Apr 2020 06:51:55 GMT" time="272.908" errors="0">
  <testcase name="Open_Url" time="23.539" classname="com.articles.Articles_TC"/>
  <testcase name="Open_Url" time="1.529" classname="com.articles.Articles_TC"/>
  <testcase name="Open_Url" time="0.940" classname="com.articles.Articles_TC"/>
  <testcase name="Open_Url" time="1.987" classname="com.articles.Articles_TC"/>
  <testcase name="Open_Url" time="72.202" classname="com.articles.Articles_TC"/>
  <testcase name="Open_Url" time="2.968" classname="com.articles.Articles_TC"/>
  <testcase name="Open_Url" time="1.073" classname="com.articles.Articles_TC"/>
  <testcase name="Open_Url" time="16.268" classname="com.articles.Articles_TC"/>
  <testcase name="Open_Url" time="1.011" classname="com.articles.Articles_TC"/>
  <testcase name="Open_Url" time="14.277" classname="com.articles.Articles_TC"/>
  <testcase name="Open_Url" time="0.886" classname="com.articles.Articles_TC"/>
  <testcase name="Open_Url" time="55.968" classname="com.articles.Articles_TC"/>
  <testcase name="Open_Url" time="6.242" classname="com.articles.Articles_TC"/>
  <testcase name="Open_Url" time="2.229" classname="com.articles.Articles_TC"/>
  <testcase name="Open_Url" time="1.390" classname="com.articles.Articles_TC"/>
  <testcase name="Open_Url" time="2.326" classname="com.articles.Articles_TC"/>
  <testcase name="Open_Url" time="5.794" classname="com.articles.Articles_TC"/>
  <testcase name="Open_Url" time="1.252" classname="com.articles.Articles_TC"/>
  <testcase name="Open_Url" time="1.280" classname="com.articles.Articles_TC"/>
  <testcase name="Open_Url" time="5.066" classname="com.articles.Articles_TC"/>
  <testcase name="Open_Url" time="6.084" classname="com.articles.Articles_TC"/>
  <testcase name="Open_Url" time="1.082" classname="com.articles.Articles_TC"/>
  <testcase name="Open_Url" time="0.740" classname="com.articles.Articles_TC"/>
  <testcase name="Open_Url" time="1.865" classname="com.articles.Articles_TC"/>
  <testcase name="Open_Url" time="0.954" classname="com.articles.Articles_TC"/>
  <testcase name="Open_Url" time="0.957" classname="com.articles.Articles_TC"/>
  <testcase name="Open_Url" time="1.307" classname="com.articles.Articles_TC"/>
  <testcase name="Open_Url" time="6.482" classname="com.articles.Articles_TC"/>
  <testcase name="Open_Url" time="1.347" classname="com.articles.Articles_TC"/>
  <testcase name="Open_Url" time="1.234" classname="com.articles.Articles_TC"/>
  <testcase name="Open_Url" time="3.080" classname="com.articles.Articles_TC"/>
  <testcase name="Open_Url" time="2.495" classname="com.articles.Articles_TC"/>
  <testcase name="Open_Url" time="2.263" classname="com.articles.Articles_TC"/>
  <testcase name="Open_Url" time="11.115" classname="com.articles.Articles_TC"/>
  <testcase name="Open_Url" time="13.676" classname="com.articles.Articles_TC"/>
</testsuite> <!-- com.articles.Articles_TC -->
